<?xml version="1.0" encoding="UTF-8"?>
<!-- Generated by org.testng.reporters.JUnitReportReporter -->
<testsuite hostname="DESKTOP-HER8BAS" failures="0" tests="1" name="coverFoxTest.CF_TC555_Validate_Search_results_for_healthCare_policies" time="31.041" errors="0" timestamp="2024-01-17T14:12:16 IST" skipped="0">
  <testcase classname="coverFoxTest.CF_TC555_Validate_Search_results_for_healthCare_policies" name="validateTestPlansFromTextAndBanners" time="31.041">
    <system-out>
      <![CDATA[TC validateTestPlansFromTextAndBanners execution is started
Taking ScreenShot
Saved ScreenShot atC:\Users\HP\OneDrive\Desktop\selenium\MyScreenshots\coverFoxCF_TC555_2024.01.17.14.12.11.png
TC validateTestPlansFromTextAndBanners is completed successfully]]>
    </system-out>
  </testcase> <!-- validateTestPlansFromTextAndBanners -->
  <system-out>
    <![CDATA[Launching Browser
TC validateTestPlansFromTextAndBanners execution is started
Taking ScreenShot
Saved ScreenShot atC:\Users\HP\OneDrive\Desktop\selenium\MyScreenshots\coverFoxCF_TC555_2024.01.17.14.12.11.png
TC validateTestPlansFromTextAndBanners is completed successfully
Closing Browser]]>
  </system-out>
</testsuite> <!-- coverFoxTest.CF_TC555_Validate_Search_results_for_healthCare_policies -->
